<?xml version="1.0" encoding="UTF-8"?>
<testng-results ignored="0" total="8" passed="7" failed="1" skipped="0">
  <reporter-output>
  </reporter-output>
  <suite started-at="2020-06-02T14:17:31Z" name="Suite" finished-at="2020-06-02T14:18:58Z" duration-ms="87427">
    <groups>
    </groups>
    <test started-at="2020-06-02T14:17:31Z" name="Test" finished-at="2020-06-02T14:18:58Z" duration-ms="87427">
      <class name="com.qa.testcases.MyStoreMainPageTest">
        <test-method is-config="true" signature="setUp()[pri:0, instance:com.qa.testcases.MyStoreMainPageTest@16d04d3d]" started-at="2020-06-02T14:17:31Z" name="setUp" finished-at="2020-06-02T14:17:46Z" duration-ms="15408" status="PASS">
          <reporter-output>
          </reporter-output>
        </test-method> <!-- setUp -->
        <test-method signature="validateTitlePageTest()[pri:1, instance:com.qa.testcases.MyStoreMainPageTest@16d04d3d]" started-at="2020-06-02T14:17:46Z" name="validateTitlePageTest" finished-at="2020-06-02T14:17:46Z" duration-ms="25" status="PASS">
          <reporter-output>
          </reporter-output>
        </test-method> <!-- validateTitlePageTest -->
        <test-method signature="subscribeNewsletterTest()[pri:2, instance:com.qa.testcases.MyStoreMainPageTest@16d04d3d]" started-at="2020-06-02T14:17:46Z" name="subscribeNewsletterTest" finished-at="2020-06-02T14:17:48Z" duration-ms="1792" status="PASS">
          <reporter-output>
          </reporter-output>
        </test-method> <!-- subscribeNewsletterTest -->
        <test-method signature="verifyHeader()[pri:3, instance:com.qa.testcases.MyStoreMainPageTest@16d04d3d]" started-at="2020-06-02T14:17:48Z" name="verifyHeader" finished-at="2020-06-02T14:17:49Z" duration-ms="1175" status="PASS">
          <reporter-output>
          </reporter-output>
        </test-method> <!-- verifyHeader -->
        <test-method signature="verifyHeaderDress()[pri:4, instance:com.qa.testcases.MyStoreMainPageTest@16d04d3d]" started-at="2020-06-02T14:17:49Z" name="verifyHeaderDress" finished-at="2020-06-02T14:17:53Z" duration-ms="3118" status="PASS">
          <reporter-output>
          </reporter-output>
        </test-method> <!-- verifyHeaderDress -->
        <test-method signature="verifyHeaderTshirt()[pri:5, instance:com.qa.testcases.MyStoreMainPageTest@16d04d3d]" started-at="2020-06-02T14:17:53Z" name="verifyHeaderTshirt" finished-at="2020-06-02T14:17:54Z" duration-ms="1552" status="PASS">
          <reporter-output>
          </reporter-output>
        </test-method> <!-- verifyHeaderTshirt -->
        <test-method signature="verifyResultsOfWomenDresses()[pri:6, instance:com.qa.testcases.MyStoreMainPageTest@16d04d3d]" started-at="2020-06-02T14:17:54Z" name="verifyResultsOfWomenDresses" finished-at="2020-06-02T14:18:03Z" duration-ms="8785" status="PASS">
          <reporter-output>
          </reporter-output>
        </test-method> <!-- verifyResultsOfWomenDresses -->
        <test-method signature="verifyFooters()[pri:7, instance:com.qa.testcases.MyStoreMainPageTest@16d04d3d]" started-at="2020-06-02T14:18:03Z" name="verifyFooters" finished-at="2020-06-02T14:18:05Z" duration-ms="1960" status="PASS">
          <reporter-output>
          </reporter-output>
        </test-method> <!-- verifyFooters -->
        <test-method signature="addProductToCart()[pri:8, instance:com.qa.testcases.MyStoreMainPageTest@16d04d3d]" started-at="2020-06-02T14:18:05Z" name="addProductToCart" finished-at="2020-06-02T14:18:58Z" duration-ms="52654" status="FAIL">
          <exception class="org.openqa.selenium.NoSuchElementException">
            <message>
              <![CDATA[no such element: Unable to locate element: {"method":"xpath","selector":"//a[@class='btn btn-default button button-medium'][contains(text(),'Proceed to checkout')]"}
  (Session info: chrome=83.0.4103.61)
For documentation on this error, please visit: http://seleniumhq.org/exceptions/no_such_element.html
Build info: version: '3.5.3', revision: 'a88d25fe6b', time: '2017-08-29T12:42:44.417Z'
System info: host: 'DESKTOP-RP9BL42', ip: '192.168.43.227', os.name: 'Windows 10', os.arch: 'amd64', os.version: '10.0', java.version: '14'
Driver info: org.openqa.selenium.chrome.ChromeDriver
Capabilities [{networkConnectionEnabled=false, chrome={chromedriverVersion=83.0.4103.39 (ccbf011cb2d2b19b506d844400483861342c20cd-refs/branch-heads/4103@{#416}), userDataDir=C:\Users\LAXMIK~1\AppData\Local\Temp\scoped_dir12048_912829827}, timeouts={implicit=0, pageLoad=300000, script=30000}, pageLoadStrategy=normal, unhandledPromptBehavior=dismiss and notify, strictFileInteractability=false, platform=XP, proxy=Proxy(), goog:chromeOptions={debuggerAddress=localhost:54931}, acceptInsecureCerts=false, browserVersion=83.0.4103.61, browserName=chrome, javascriptEnabled=true, platformName=XP, setWindowRect=true, webauthn:virtualAuthenticators=true}]
Session ID: 1446fbd3b269a5325d7a0dd20adf424b
*** Element info: {Using=xpath, value=//a[@class='btn btn-default button button-medium'][contains(text(),'Proceed to checkout')]}]]>
            </message>
            <full-stacktrace>
              <![CDATA[org.openqa.selenium.NoSuchElementException: no such element: Unable to locate element: {"method":"xpath","selector":"//a[@class='btn btn-default button button-medium'][contains(text(),'Proceed to checkout')]"}
  (Session info: chrome=83.0.4103.61)
For documentation on this error, please visit: http://seleniumhq.org/exceptions/no_such_element.html
Build info: version: '3.5.3', revision: 'a88d25fe6b', time: '2017-08-29T12:42:44.417Z'
System info: host: 'DESKTOP-RP9BL42', ip: '192.168.43.227', os.name: 'Windows 10', os.arch: 'amd64', os.version: '10.0', java.version: '14'
Driver info: org.openqa.selenium.chrome.ChromeDriver
Capabilities [{networkConnectionEnabled=false, chrome={chromedriverVersion=83.0.4103.39 (ccbf011cb2d2b19b506d844400483861342c20cd-refs/branch-heads/4103@{#416}), userDataDir=C:\Users\LAXMIK~1\AppData\Local\Temp\scoped_dir12048_912829827}, timeouts={implicit=0, pageLoad=300000, script=30000}, pageLoadStrategy=normal, unhandledPromptBehavior=dismiss and notify, strictFileInteractability=false, platform=XP, proxy=Proxy(), goog:chromeOptions={debuggerAddress=localhost:54931}, acceptInsecureCerts=false, browserVersion=83.0.4103.61, browserName=chrome, javascriptEnabled=true, platformName=XP, setWindowRect=true, webauthn:virtualAuthenticators=true}]
Session ID: 1446fbd3b269a5325d7a0dd20adf424b
*** Element info: {Using=xpath, value=//a[@class='btn btn-default button button-medium'][contains(text(),'Proceed to checkout')]}
at java.base/jdk.internal.reflect.NativeConstructorAccessorImpl.newInstance0(Native Method)
at java.base/jdk.internal.reflect.NativeConstructorAccessorImpl.newInstance(NativeConstructorAccessorImpl.java:62)
at java.base/jdk.internal.reflect.DelegatingConstructorAccessorImpl.newInstance(DelegatingConstructorAccessorImpl.java:45)
at java.base/java.lang.reflect.Constructor.newInstanceWithCaller(Constructor.java:500)
at java.base/java.lang.reflect.Constructor.newInstance(Constructor.java:481)
at org.openqa.selenium.remote.http.W3CHttpResponseCodec.createException(W3CHttpResponseCodec.java:185)
at org.openqa.selenium.remote.http.W3CHttpResponseCodec.decode(W3CHttpResponseCodec.java:120)
at org.openqa.selenium.remote.http.W3CHttpResponseCodec.decode(W3CHttpResponseCodec.java:49)
at org.openqa.selenium.remote.HttpCommandExecutor.execute(HttpCommandExecutor.java:164)
at org.openqa.selenium.remote.service.DriverCommandExecutor.execute(DriverCommandExecutor.java:82)
at org.openqa.selenium.remote.RemoteWebDriver.execute(RemoteWebDriver.java:646)
at org.openqa.selenium.remote.RemoteWebDriver.findElement(RemoteWebDriver.java:416)
at org.openqa.selenium.remote.RemoteWebDriver.findElementByXPath(RemoteWebDriver.java:518)
at org.openqa.selenium.By$ByXPath.findElement(By.java:361)
at org.openqa.selenium.remote.RemoteWebDriver.findElement(RemoteWebDriver.java:408)
at org.openqa.selenium.support.pagefactory.DefaultElementLocator.findElement(DefaultElementLocator.java:69)
at org.openqa.selenium.support.pagefactory.internal.LocatingElementHandler.invoke(LocatingElementHandler.java:38)
at com.sun.proxy.$Proxy12.click(Unknown Source)
at com.qa.testcases.MyStoreMainPageTest.addProductToCart(MyStoreMainPageTest.java:113)
at java.base/jdk.internal.reflect.NativeMethodAccessorImpl.invoke0(Native Method)
at java.base/jdk.internal.reflect.NativeMethodAccessorImpl.invoke(NativeMethodAccessorImpl.java:62)
at java.base/jdk.internal.reflect.DelegatingMethodAccessorImpl.invoke(DelegatingMethodAccessorImpl.java:43)
at java.base/java.lang.reflect.Method.invoke(Method.java:564)
at org.testng.internal.MethodInvocationHelper.invokeMethod(MethodInvocationHelper.java:124)
at org.testng.internal.Invoker.invokeMethod(Invoker.java:583)
at org.testng.internal.Invoker.invokeTestMethod(Invoker.java:719)
at org.testng.internal.Invoker.invokeTestMethods(Invoker.java:989)
at org.testng.internal.TestMethodWorker.invokeTestMethods(TestMethodWorker.java:125)
at org.testng.internal.TestMethodWorker.run(TestMethodWorker.java:109)
at org.testng.TestRunner.privateRun(TestRunner.java:648)
at org.testng.TestRunner.run(TestRunner.java:505)
at org.testng.SuiteRunner.runTest(SuiteRunner.java:455)
at org.testng.SuiteRunner.runSequentially(SuiteRunner.java:450)
at org.testng.SuiteRunner.privateRun(SuiteRunner.java:415)
at org.testng.SuiteRunner.run(SuiteRunner.java:364)
at org.testng.SuiteRunnerWorker.runSuite(SuiteRunnerWorker.java:52)
at org.testng.SuiteRunnerWorker.run(SuiteRunnerWorker.java:84)
at org.testng.TestNG.runSuitesSequentially(TestNG.java:1208)
at org.testng.TestNG.runSuitesLocally(TestNG.java:1137)
at org.testng.TestNG.runSuites(TestNG.java:1049)
at org.testng.TestNG.run(TestNG.java:1017)
at org.testng.remote.AbstractRemoteTestNG.run(AbstractRemoteTestNG.java:115)
at org.testng.remote.RemoteTestNG.initAndRun(RemoteTestNG.java:251)
at org.testng.remote.RemoteTestNG.main(RemoteTestNG.java:77)
]]>
            </full-stacktrace>
          </exception> <!-- org.openqa.selenium.NoSuchElementException -->
          <reporter-output>
          </reporter-output>
        </test-method> <!-- addProductToCart -->
        <test-method is-config="true" signature="closeSetUp()[pri:0, instance:com.qa.testcases.MyStoreMainPageTest@16d04d3d]" started-at="2020-06-02T14:18:58Z" name="closeSetUp" finished-at="2020-06-02T14:18:58Z" duration-ms="872" status="PASS">
          <reporter-output>
          </reporter-output>
        </test-method> <!-- closeSetUp -->
      </class> <!-- com.qa.testcases.MyStoreMainPageTest -->
    </test> <!-- Test -->
  </suite> <!-- Suite -->
</testng-results>
